<?xml version="1.0" encoding="windows-1252" ?>
<adfc-config xmlns="http://xmlns.oracle.com/adf/controller" version="1.2">
  <task-flow-definition id="test-flow">
    <default-activity>testView</default-activity>
    <view id="testView">
      <page>/fragments/testView.jsff</page>
    </view>
    <view id="view1">
      <page>/view2.jsff</page>
    </view>
    <control-flow-rule id="__1">
      <from-activity-id>testView</from-activity-id>
      <control-flow-case id="__2">
        <from-outcome>go</from-outcome>
        <to-activity-id>view1</to-activity-id>
      </control-flow-case>
    </control-flow-rule>
    <control-flow-rule id="__3">
      <from-activity-id>view1</from-activity-id>
      <control-flow-case id="__4">
        <from-outcome>back</from-outcome>
        <to-activity-id>testView</to-activity-id>
      </control-flow-case>
    </control-flow-rule>
    <use-page-fragments/>
  </task-flow-definition>
</adfc-config>
